<?xml version="1.0" encoding="UTF-8"?>
<testng-results ignored="0" total="5" passed="5" failed="0" skipped="0">
  <reporter-output>
  </reporter-output>
  <suite started-at="2023-02-20T12:59:44 CST" name="Suite" finished-at="2023-02-20T13:00:59 CST" duration-ms="75403">
    <groups>
    </groups>
    <test started-at="2023-02-20T12:59:44 CST" name="Test" finished-at="2023-02-20T13:00:59 CST" duration-ms="75403">
      <class name="TestCases.AutomationTestLogin">
        <test-method is-config="true" signature="setBeforeTest()[pri:0, instance:TestCases.AutomationTestLogin@4d0f2471]" started-at="2023-02-20T12:59:44 CST" name="setBeforeTest" finished-at="2023-02-20T12:59:45 CST" duration-ms="485" status="PASS">
          <reporter-output>
          </reporter-output>
        </test-method> <!-- setBeforeTest -->
        <test-method is-config="true" signature="beforemethod(java.lang.reflect.Method)[pri:0, instance:TestCases.AutomationTestLogin@4d0f2471]" started-at="2023-02-20T12:59:45 CST" name="beforemethod" finished-at="2023-02-20T12:59:50 CST" duration-ms="4927" status="PASS">
          <params>
            <param index="0">
              <value>
                <![CDATA[public void TestCases.AutomationTestLogin.TestCase1() throws java.lang.InterruptedException]]>
              </value>
            </param>
          </params>
          <reporter-output>
          </reporter-output>
        </test-method> <!-- beforemethod -->
        <test-method signature="TestCase1()[pri:1, instance:TestCases.AutomationTestLogin@4d0f2471]" started-at="2023-02-20T12:59:50 CST" name="TestCase1" finished-at="2023-02-20T12:59:54 CST" duration-ms="4485" status="PASS">
          <reporter-output>
          </reporter-output>
        </test-method> <!-- TestCase1 -->
        <test-method is-config="true" signature="aftermethod(java.lang.reflect.Method)[pri:0, instance:TestCases.AutomationTestLogin@4d0f2471]" started-at="2023-02-20T12:59:54 CST" name="aftermethod" finished-at="2023-02-20T12:59:56 CST" duration-ms="1979" status="PASS">
          <params>
            <param index="0">
              <value>
                <![CDATA[public void TestCases.AutomationTestLogin.TestCase1() throws java.lang.InterruptedException]]>
              </value>
            </param>
          </params>
          <reporter-output>
          </reporter-output>
        </test-method> <!-- aftermethod -->
        <test-method is-config="true" signature="beforemethod(java.lang.reflect.Method)[pri:0, instance:TestCases.AutomationTestLogin@4d0f2471]" started-at="2023-02-20T12:59:56 CST" name="beforemethod" finished-at="2023-02-20T13:00:00 CST" duration-ms="3465" status="PASS">
          <params>
            <param index="0">
              <value>
                <![CDATA[public void TestCases.AutomationTestLogin.TestCase2() throws java.lang.InterruptedException]]>
              </value>
            </param>
          </params>
          <reporter-output>
          </reporter-output>
        </test-method> <!-- beforemethod -->
        <test-method signature="TestCase2()[pri:2, instance:TestCases.AutomationTestLogin@4d0f2471]" started-at="2023-02-20T13:00:00 CST" name="TestCase2" finished-at="2023-02-20T13:00:09 CST" duration-ms="9841" status="PASS">
          <reporter-output>
          </reporter-output>
        </test-method> <!-- TestCase2 -->
        <test-method is-config="true" signature="aftermethod(java.lang.reflect.Method)[pri:0, instance:TestCases.AutomationTestLogin@4d0f2471]" started-at="2023-02-20T13:00:09 CST" name="aftermethod" finished-at="2023-02-20T13:00:12 CST" duration-ms="2282" status="PASS">
          <params>
            <param index="0">
              <value>
                <![CDATA[public void TestCases.AutomationTestLogin.TestCase2() throws java.lang.InterruptedException]]>
              </value>
            </param>
          </params>
          <reporter-output>
          </reporter-output>
        </test-method> <!-- aftermethod -->
        <test-method is-config="true" signature="beforemethod(java.lang.reflect.Method)[pri:0, instance:TestCases.AutomationTestLogin@4d0f2471]" started-at="2023-02-20T13:00:12 CST" name="beforemethod" finished-at="2023-02-20T13:00:15 CST" duration-ms="3432" status="PASS">
          <params>
            <param index="0">
              <value>
                <![CDATA[public void TestCases.AutomationTestLogin.TestCase3() throws java.lang.InterruptedException]]>
              </value>
            </param>
          </params>
          <reporter-output>
          </reporter-output>
        </test-method> <!-- beforemethod -->
        <test-method signature="TestCase3()[pri:3, instance:TestCases.AutomationTestLogin@4d0f2471]" started-at="2023-02-20T13:00:15 CST" name="TestCase3" finished-at="2023-02-20T13:00:30 CST" duration-ms="14459" status="PASS">
          <reporter-output>
          </reporter-output>
        </test-method> <!-- TestCase3 -->
        <test-method is-config="true" signature="aftermethod(java.lang.reflect.Method)[pri:0, instance:TestCases.AutomationTestLogin@4d0f2471]" started-at="2023-02-20T13:00:30 CST" name="aftermethod" finished-at="2023-02-20T13:00:32 CST" duration-ms="2155" status="PASS">
          <params>
            <param index="0">
              <value>
                <![CDATA[public void TestCases.AutomationTestLogin.TestCase3() throws java.lang.InterruptedException]]>
              </value>
            </param>
          </params>
          <reporter-output>
          </reporter-output>
        </test-method> <!-- aftermethod -->
        <test-method is-config="true" signature="beforemethod(java.lang.reflect.Method)[pri:0, instance:TestCases.AutomationTestLogin@4d0f2471]" started-at="2023-02-20T13:00:32 CST" name="beforemethod" finished-at="2023-02-20T13:00:36 CST" duration-ms="3838" status="PASS">
          <params>
            <param index="0">
              <value>
                <![CDATA[public void TestCases.AutomationTestLogin.TestCase4() throws java.lang.InterruptedException]]>
              </value>
            </param>
          </params>
          <reporter-output>
          </reporter-output>
        </test-method> <!-- beforemethod -->
        <test-method signature="TestCase4()[pri:4, instance:TestCases.AutomationTestLogin@4d0f2471]" started-at="2023-02-20T13:00:36 CST" name="TestCase4" finished-at="2023-02-20T13:00:44 CST" duration-ms="8200" status="PASS">
          <reporter-output>
          </reporter-output>
        </test-method> <!-- TestCase4 -->
        <test-method is-config="true" signature="aftermethod(java.lang.reflect.Method)[pri:0, instance:TestCases.AutomationTestLogin@4d0f2471]" started-at="2023-02-20T13:00:44 CST" name="aftermethod" finished-at="2023-02-20T13:00:46 CST" duration-ms="1841" status="PASS">
          <params>
            <param index="0">
              <value>
                <![CDATA[public void TestCases.AutomationTestLogin.TestCase4() throws java.lang.InterruptedException]]>
              </value>
            </param>
          </params>
          <reporter-output>
          </reporter-output>
        </test-method> <!-- aftermethod -->
        <test-method is-config="true" signature="beforemethod(java.lang.reflect.Method)[pri:0, instance:TestCases.AutomationTestLogin@4d0f2471]" started-at="2023-02-20T13:00:46 CST" name="beforemethod" finished-at="2023-02-20T13:00:49 CST" duration-ms="3208" status="PASS">
          <params>
            <param index="0">
              <value>
                <![CDATA[public void TestCases.AutomationTestLogin.TestCase5() throws java.lang.InterruptedException]]>
              </value>
            </param>
          </params>
          <reporter-output>
          </reporter-output>
        </test-method> <!-- beforemethod -->
        <test-method signature="TestCase5()[pri:5, instance:TestCases.AutomationTestLogin@4d0f2471]" started-at="2023-02-20T13:00:49 CST" name="TestCase5" finished-at="2023-02-20T13:00:57 CST" duration-ms="8510" status="PASS">
          <reporter-output>
          </reporter-output>
        </test-method> <!-- TestCase5 -->
        <test-method is-config="true" signature="aftermethod(java.lang.reflect.Method)[pri:0, instance:TestCases.AutomationTestLogin@4d0f2471]" started-at="2023-02-20T13:00:57 CST" name="aftermethod" finished-at="2023-02-20T13:00:59 CST" duration-ms="1988" status="PASS">
          <params>
            <param index="0">
              <value>
                <![CDATA[public void TestCases.AutomationTestLogin.TestCase5() throws java.lang.InterruptedException]]>
              </value>
            </param>
          </params>
          <reporter-output>
          </reporter-output>
        </test-method> <!-- aftermethod -->
      </class> <!-- TestCases.AutomationTestLogin -->
    </test> <!-- Test -->
  </suite> <!-- Suite -->
</testng-results>
