<?xml version="1.0" encoding="UTF-8"?>
<!-- Generated by org.testng.reporters.JUnitXMLReporter -->
<testsuite ignored="4" hostname="Chitra" failures="0" tests="1" name="Default test" time="15.645" errors="0" timestamp="2023-02-20T12:56:30 CST">
  <testcase classname="TestCases.AutomationTestLogin" name="TestCase5" time="8.627"/>
  <testcase classname="TestCases.AutomationTestLogin" name="TestCase2" time="0.0">
    <ignored/>
  </testcase> <!-- TestCase2 -->
  <testcase classname="TestCases.AutomationTestLogin" name="TestCase4" time="0.0">
    <ignored/>
  </testcase> <!-- TestCase4 -->
  <testcase classname="TestCases.AutomationTestLogin" name="TestCase3" time="0.0">
    <ignored/>
  </testcase> <!-- TestCase3 -->
  <testcase classname="TestCases.AutomationTestLogin" name="TestCase1" time="0.0">
    <ignored/>
  </testcase> <!-- TestCase1 -->
</testsuite> <!-- Default test -->
