<?xml version="1.0" encoding="UTF-8"?>
<!-- Generated by org.testng.reporters.JUnitXMLReporter -->
<testsuite ignored="0" hostname="Chitra" failures="0" tests="5" name="Test" time="75.403" errors="0" timestamp="2023-02-20T13:01:00 CST">
  <testcase classname="TestCases.AutomationTestLogin" name="TestCase1" time="4.485"/>
  <testcase classname="TestCases.AutomationTestLogin" name="TestCase2" time="9.841"/>
  <testcase classname="TestCases.AutomationTestLogin" name="TestCase3" time="14.459"/>
  <testcase classname="TestCases.AutomationTestLogin" name="TestCase4" time="8.2"/>
  <testcase classname="TestCases.AutomationTestLogin" name="TestCase5" time="8.51"/>
</testsuite> <!-- Test -->
